internal/modules/cjs/loader.js:983
  throw err;
  ^

Error: Cannot find module '../configs.js'
Require stack:
- F:\Proj\test\ccc_scmj\server\hall_server\app.js
    at Function.Module._resolveFilename (internal/modules/cjs/loader.js:980:15)
    at Function.Module._load (internal/modules/cjs/loader.js:862:27)
    at Module.require (internal/modules/cjs/loader.js:1042:19)
    at require (internal/modules/cjs/helpers.js:77:18)
    at Object.<anonymous> (F:\Proj\test\ccc_scmj\server\hall_server\app.js:4:15)
    at Module._compile (internal/modules/cjs/loader.js:1156:30)
    at Object.Module._extensions..js (internal/modules/cjs/loader.js:1176:10)
    at Module.load (internal/modules/cjs/loader.js:1000:32)
    at Function.Module._load (internal/modules/cjs/loader.js:899:14)
    at Function.executeUserEntryPoint [as runMain] (internal/modules/run_main.js:74:12) {
  code: 'MODULE_NOT_FOUND',
  requireStack: [ 'F:\\Proj\\test\\ccc_scmj\\server\\hall_server\\app.js' ]
}
s' ]
}
